[2025-10-31T02:22:30.966+0000] {taskinstance.py:1956} INFO - Dependencies all met for dep_context=non-requeueable deps ti=<TaskInstance: dag_dbt_pipeline.dbt_run manual__2025-10-31T02:22:26.157059+00:00 [queued]>
[2025-10-31T02:22:31.035+0000] {taskinstance.py:1956} INFO - Dependencies all met for dep_context=requeueable deps ti=<TaskInstance: dag_dbt_pipeline.dbt_run manual__2025-10-31T02:22:26.157059+00:00 [queued]>
[2025-10-31T02:22:31.036+0000] {taskinstance.py:2170} INFO - Starting attempt 1 of 2
[2025-10-31T02:22:31.140+0000] {taskinstance.py:2191} INFO - Executing <Task(BashOperator): dbt_run> on 2025-10-31 02:22:26.157059+00:00
[2025-10-31T02:22:31.199+0000] {standard_task_runner.py:87} INFO - Running: ['***', 'tasks', 'run', 'dag_dbt_pipeline', 'dbt_run', 'manual__2025-10-31T02:22:26.157059+00:00', '--job-id', '343', '--raw', '--subdir', 'DAGS_FOLDER/dbt_local_dag.py', '--cfg-path', '/tmp/tmp7nm0x10e']
[2025-10-31T02:22:31.211+0000] {standard_task_runner.py:88} INFO - Job 343: Subtask dbt_run
[2025-10-31T02:22:31.191+0000] {standard_task_runner.py:60} INFO - Started process 277 to run task
[2025-10-31T02:22:31.487+0000] {task_command.py:423} INFO - Running <TaskInstance: dag_dbt_pipeline.dbt_run manual__2025-10-31T02:22:26.157059+00:00 [running]> on host 257bb6028ed5
[2025-10-31T02:22:31.809+0000] {taskinstance.py:2480} INFO - Exporting env vars: AIRFLOW_CTX_DAG_OWNER='winardi' AIRFLOW_CTX_DAG_ID='dag_dbt_pipeline' AIRFLOW_CTX_TASK_ID='dbt_run' AIRFLOW_CTX_EXECUTION_DATE='2025-10-31T02:22:26.157059+00:00' AIRFLOW_CTX_TRY_NUMBER='1' AIRFLOW_CTX_DAG_RUN_ID='manual__2025-10-31T02:22:26.157059+00:00'
[2025-10-31T02:22:31.812+0000] {subprocess.py:63} INFO - Tmp dir root location: /tmp
[2025-10-31T02:22:31.819+0000] {subprocess.py:75} INFO - Running command: ['/usr/bin/bash', '-c', '\n            cd /opt/***/include/dbt/dbt_project &&             dbt run --profiles-dir /home/***/.dbt --target dev\n        ']
[2025-10-31T02:22:31.855+0000] {subprocess.py:86} INFO - Output:
[2025-10-31T02:22:44.059+0000] {subprocess.py:93} INFO - [0m02:22:44  Running with dbt=1.9.0-b2
[2025-10-31T02:22:46.003+0000] {subprocess.py:93} INFO - [0m02:22:46  Registered adapter: postgres=1.8.2
[2025-10-31T02:22:48.007+0000] {subprocess.py:93} INFO - [0m02:22:48  Unable to do partial parsing because of a version mismatch
[2025-10-31T02:23:39.621+0000] {subprocess.py:93} INFO - [0m02:23:39  Encountered an error:
[2025-10-31T02:23:39.649+0000] {subprocess.py:93} INFO - Compilation Error in test relationships_fact_transactions_ref_dim_card_holder___payment_card_id__payment_card_id (models/datamart/schema.yml)
[2025-10-31T02:23:39.725+0000] {subprocess.py:93} INFO -   macro 'dbt_macro__test_relationships' takes no keyword argument 'arguments'
[2025-10-31T02:23:55.718+0000] {subprocess.py:97} INFO - Command exited with return code 2
[2025-10-31T02:23:55.937+0000] {taskinstance.py:2698} ERROR - Task failed with exception
Traceback (most recent call last):
  File "/home/airflow/.local/lib/python3.8/site-packages/airflow/models/taskinstance.py", line 433, in _execute_task
    result = execute_callable(context=context, **execute_callable_kwargs)
  File "/home/airflow/.local/lib/python3.8/site-packages/airflow/operators/bash.py", line 212, in execute
    raise AirflowException(
airflow.exceptions.AirflowException: Bash command failed. The command returned a non-zero exit code 2.
[2025-10-31T02:23:55.980+0000] {taskinstance.py:1138} INFO - Marking task as UP_FOR_RETRY. dag_id=dag_dbt_pipeline, task_id=dbt_run, execution_date=20251031T022226, start_date=20251031T022230, end_date=20251031T022355
[2025-10-31T02:23:56.200+0000] {standard_task_runner.py:107} ERROR - Failed to execute job 343 for task dbt_run (Bash command failed. The command returned a non-zero exit code 2.; 277)
[2025-10-31T02:23:56.341+0000] {local_task_job_runner.py:234} INFO - Task exited with return code 1
[2025-10-31T02:23:57.753+0000] {taskinstance.py:3280} INFO - 0 downstream tasks scheduled from follow-on schedule check
