[2025-10-31T06:19:54.094+0000] {taskinstance.py:1956} INFO - Dependencies all met for dep_context=non-requeueable deps ti=<TaskInstance: dag_dbt_pipeline.dbt_run manual__2025-10-31T06:19:48.021223+00:00 [queued]>
[2025-10-31T06:19:54.133+0000] {taskinstance.py:1956} INFO - Dependencies all met for dep_context=requeueable deps ti=<TaskInstance: dag_dbt_pipeline.dbt_run manual__2025-10-31T06:19:48.021223+00:00 [queued]>
[2025-10-31T06:19:54.136+0000] {taskinstance.py:2170} INFO - Starting attempt 1 of 2
[2025-10-31T06:19:54.216+0000] {taskinstance.py:2191} INFO - Executing <Task(BashOperator): dbt_run> on 2025-10-31 06:19:48.021223+00:00
[2025-10-31T06:19:54.234+0000] {standard_task_runner.py:60} INFO - Started process 125 to run task
[2025-10-31T06:19:54.244+0000] {standard_task_runner.py:87} INFO - Running: ['***', 'tasks', 'run', 'dag_dbt_pipeline', 'dbt_run', 'manual__2025-10-31T06:19:48.021223+00:00', '--job-id', '361', '--raw', '--subdir', 'DAGS_FOLDER/dbt_local_dag.py', '--cfg-path', '/tmp/tmpek7jxjbv']
[2025-10-31T06:19:54.248+0000] {standard_task_runner.py:88} INFO - Job 361: Subtask dbt_run
[2025-10-31T06:19:54.359+0000] {task_command.py:423} INFO - Running <TaskInstance: dag_dbt_pipeline.dbt_run manual__2025-10-31T06:19:48.021223+00:00 [running]> on host 257bb6028ed5
[2025-10-31T06:19:54.606+0000] {taskinstance.py:2480} INFO - Exporting env vars: AIRFLOW_CTX_DAG_OWNER='winardi' AIRFLOW_CTX_DAG_ID='dag_dbt_pipeline' AIRFLOW_CTX_TASK_ID='dbt_run' AIRFLOW_CTX_EXECUTION_DATE='2025-10-31T06:19:48.021223+00:00' AIRFLOW_CTX_TRY_NUMBER='1' AIRFLOW_CTX_DAG_RUN_ID='manual__2025-10-31T06:19:48.021223+00:00'
[2025-10-31T06:19:54.609+0000] {subprocess.py:63} INFO - Tmp dir root location: /tmp
[2025-10-31T06:19:54.611+0000] {subprocess.py:75} INFO - Running command: ['/usr/bin/bash', '-c', '\n            cd /opt/***/include/dbt/dbt_project &&             dbt run --profiles-dir /home/***/.dbt --target dev\n        ']
[2025-10-31T06:19:54.648+0000] {subprocess.py:86} INFO - Output:
[2025-10-31T06:19:59.774+0000] {subprocess.py:93} INFO - [0m06:19:59  Running with dbt=1.9.0-b2
[2025-10-31T06:20:00.571+0000] {subprocess.py:93} INFO - [0m06:20:00  Registered adapter: postgres=1.8.2
[2025-10-31T06:20:03.932+0000] {subprocess.py:93} INFO - [0m06:20:03  Found 5 models, 16 data tests, 1 source, 423 macros
[2025-10-31T06:20:03.941+0000] {subprocess.py:93} INFO - [0m06:20:03
[2025-10-31T06:20:03.943+0000] {subprocess.py:93} INFO - [0m06:20:03  Concurrency: 1 threads (target='dev')
[2025-10-31T06:20:03.945+0000] {subprocess.py:93} INFO - [0m06:20:03
[2025-10-31T06:20:04.384+0000] {subprocess.py:93} INFO - [0m06:20:04  1 of 5 START sql table model datamart.dim_card_holder .......................... [RUN]
[2025-10-31T06:20:07.143+0000] {subprocess.py:93} INFO - [0m06:20:07  1 of 5 OK created sql table model datamart.dim_card_holder ..................... [[32mSELECT 10000[0m in 2.74s]
[2025-10-31T06:20:07.150+0000] {subprocess.py:93} INFO - [0m06:20:07  2 of 5 START sql table model datamart.dim_corridor ............................. [RUN]
[2025-10-31T06:20:09.003+0000] {subprocess.py:93} INFO - [0m06:20:09  2 of 5 OK created sql table model datamart.dim_corridor ........................ [[32mSELECT 221[0m in 1.85s]
[2025-10-31T06:20:09.007+0000] {subprocess.py:93} INFO - [0m06:20:09  3 of 5 START sql table model datamart.dim_stop ................................. [RUN]
[2025-10-31T06:20:10.399+0000] {subprocess.py:93} INFO - [0m06:20:10  3 of 5 OK created sql table model datamart.dim_stop ............................ [[32mSELECT 5851[0m in 1.38s]
[2025-10-31T06:20:10.411+0000] {subprocess.py:93} INFO - [0m06:20:10  4 of 5 START sql table model datamart.dim_time ................................. [RUN]
[2025-10-31T06:20:13.691+0000] {subprocess.py:93} INFO - [0m06:20:13  4 of 5 OK created sql table model datamart.dim_time ............................ [[32mSELECT 27836[0m in 3.27s]
[2025-10-31T06:20:13.697+0000] {subprocess.py:93} INFO - [0m06:20:13  5 of 5 START sql incremental model datamart.fact_transactions .................. [RUN]
[2025-10-31T06:20:27.833+0000] {subprocess.py:93} INFO - [0m06:20:27  5 of 5 ERROR creating sql incremental model datamart.fact_transactions ......... [[31mERROR[0m in 14.12s]
[2025-10-31T06:20:27.923+0000] {subprocess.py:93} INFO - [0m06:20:27
[2025-10-31T06:20:27.931+0000] {subprocess.py:93} INFO - [0m06:20:27  Finished running 1 incremental model, 4 table models in 0 hours 0 minutes and 23.98 seconds (23.98s).
[2025-10-31T06:20:28.364+0000] {subprocess.py:93} INFO - [0m06:20:28
[2025-10-31T06:20:28.373+0000] {subprocess.py:93} INFO - [0m06:20:28  [31mCompleted with 1 error, 0 partial successs, and 0 warnings:[0m
[2025-10-31T06:20:28.542+0000] {subprocess.py:93} INFO - [0m06:20:28
[2025-10-31T06:20:28.551+0000] {subprocess.py:93} INFO - [0m06:20:28    Database Error in model fact_transactions (models/datamart/fact_transactions.sql)
[2025-10-31T06:20:28.566+0000] {subprocess.py:93} INFO -   multiple primary keys for table "fact_transactions" are not allowed
[2025-10-31T06:20:28.569+0000] {subprocess.py:93} INFO -   compiled code at target/run/dbt_project/models/datamart/fact_transactions.sql
[2025-10-31T06:20:28.620+0000] {subprocess.py:93} INFO - [0m06:20:28
[2025-10-31T06:20:28.652+0000] {subprocess.py:93} INFO - [0m06:20:28  Done. PASS=4 WARN=0 ERROR=1 SKIP=0 TOTAL=5
[2025-10-31T06:20:31.626+0000] {subprocess.py:97} INFO - Command exited with return code 1
[2025-10-31T06:20:31.673+0000] {taskinstance.py:2698} ERROR - Task failed with exception
Traceback (most recent call last):
  File "/home/airflow/.local/lib/python3.8/site-packages/airflow/models/taskinstance.py", line 433, in _execute_task
    result = execute_callable(context=context, **execute_callable_kwargs)
  File "/home/airflow/.local/lib/python3.8/site-packages/airflow/operators/bash.py", line 212, in execute
    raise AirflowException(
airflow.exceptions.AirflowException: Bash command failed. The command returned a non-zero exit code 1.
[2025-10-31T06:20:31.689+0000] {taskinstance.py:1138} INFO - Marking task as UP_FOR_RETRY. dag_id=dag_dbt_pipeline, task_id=dbt_run, execution_date=20251031T061948, start_date=20251031T061954, end_date=20251031T062031
[2025-10-31T06:20:31.787+0000] {standard_task_runner.py:107} ERROR - Failed to execute job 361 for task dbt_run (Bash command failed. The command returned a non-zero exit code 1.; 125)
[2025-10-31T06:20:31.838+0000] {local_task_job_runner.py:234} INFO - Task exited with return code 1
[2025-10-31T06:20:31.887+0000] {taskinstance.py:3280} INFO - 0 downstream tasks scheduled from follow-on schedule check
