[2025-10-31T02:50:39.162+0000] {taskinstance.py:1956} INFO - Dependencies all met for dep_context=non-requeueable deps ti=<TaskInstance: dag_dbt_pipeline.dbt_run manual__2025-10-31T02:50:34.340667+00:00 [queued]>
[2025-10-31T02:50:39.192+0000] {taskinstance.py:1956} INFO - Dependencies all met for dep_context=requeueable deps ti=<TaskInstance: dag_dbt_pipeline.dbt_run manual__2025-10-31T02:50:34.340667+00:00 [queued]>
[2025-10-31T02:50:39.195+0000] {taskinstance.py:2170} INFO - Starting attempt 1 of 2
[2025-10-31T02:50:39.234+0000] {taskinstance.py:2191} INFO - Executing <Task(BashOperator): dbt_run> on 2025-10-31 02:50:34.340667+00:00
[2025-10-31T02:50:39.248+0000] {standard_task_runner.py:60} INFO - Started process 656 to run task
[2025-10-31T02:50:39.261+0000] {standard_task_runner.py:87} INFO - Running: ['***', 'tasks', 'run', 'dag_dbt_pipeline', 'dbt_run', 'manual__2025-10-31T02:50:34.340667+00:00', '--job-id', '347', '--raw', '--subdir', 'DAGS_FOLDER/dbt_local_dag.py', '--cfg-path', '/tmp/tmp5wmtw8do']
[2025-10-31T02:50:39.264+0000] {standard_task_runner.py:88} INFO - Job 347: Subtask dbt_run
[2025-10-31T02:50:39.535+0000] {task_command.py:423} INFO - Running <TaskInstance: dag_dbt_pipeline.dbt_run manual__2025-10-31T02:50:34.340667+00:00 [running]> on host 257bb6028ed5
[2025-10-31T02:50:39.898+0000] {taskinstance.py:2480} INFO - Exporting env vars: AIRFLOW_CTX_DAG_OWNER='winardi' AIRFLOW_CTX_DAG_ID='dag_dbt_pipeline' AIRFLOW_CTX_TASK_ID='dbt_run' AIRFLOW_CTX_EXECUTION_DATE='2025-10-31T02:50:34.340667+00:00' AIRFLOW_CTX_TRY_NUMBER='1' AIRFLOW_CTX_DAG_RUN_ID='manual__2025-10-31T02:50:34.340667+00:00'
[2025-10-31T02:50:39.901+0000] {subprocess.py:63} INFO - Tmp dir root location: /tmp
[2025-10-31T02:50:39.905+0000] {subprocess.py:75} INFO - Running command: ['/usr/bin/bash', '-c', '\n            cd /opt/***/include/dbt/dbt_project &&             dbt run --profiles-dir /home/***/.dbt --target dev\n        ']
[2025-10-31T02:50:39.959+0000] {subprocess.py:86} INFO - Output:
[2025-10-31T02:50:43.747+0000] {subprocess.py:93} INFO - [0m02:50:43  Running with dbt=1.9.0-b2
[2025-10-31T02:50:44.419+0000] {subprocess.py:93} INFO - [0m02:50:44  Registered adapter: postgres=1.8.2
[2025-10-31T02:50:47.758+0000] {subprocess.py:93} INFO - [0m02:50:47  Found 5 models, 16 data tests, 1 source, 423 macros
[2025-10-31T02:50:47.767+0000] {subprocess.py:93} INFO - [0m02:50:47
[2025-10-31T02:50:47.769+0000] {subprocess.py:93} INFO - [0m02:50:47  Concurrency: 1 threads (target='dev')
[2025-10-31T02:50:47.772+0000] {subprocess.py:93} INFO - [0m02:50:47
[2025-10-31T02:50:48.068+0000] {subprocess.py:93} INFO - [0m02:50:48  1 of 5 START sql table model datamart.dim_card_holder .......................... [RUN]
[2025-10-31T02:50:49.053+0000] {subprocess.py:93} INFO - [0m02:50:49  1 of 5 OK created sql table model datamart.dim_card_holder ..................... [[32mSELECT 10000[0m in 0.98s]
[2025-10-31T02:50:49.059+0000] {subprocess.py:93} INFO - [0m02:50:49  2 of 5 START sql table model datamart.dim_corridor ............................. [RUN]
[2025-10-31T02:50:49.900+0000] {subprocess.py:93} INFO - [0m02:50:49  2 of 5 OK created sql table model datamart.dim_corridor ........................ [[32mSELECT 221[0m in 0.83s]
[2025-10-31T02:50:49.930+0000] {subprocess.py:93} INFO - [0m02:50:49  3 of 5 START sql table model datamart.dim_stop ................................. [RUN]
[2025-10-31T02:50:50.475+0000] {subprocess.py:93} INFO - [0m02:50:50  3 of 5 OK created sql table model datamart.dim_stop ............................ [[32mSELECT 5851[0m in 0.54s]
[2025-10-31T02:50:50.481+0000] {subprocess.py:93} INFO - [0m02:50:50  4 of 5 START sql table model datamart.dim_time ................................. [RUN]
[2025-10-31T02:50:51.383+0000] {subprocess.py:93} INFO - [0m02:50:51  4 of 5 OK created sql table model datamart.dim_time ............................ [[32mSELECT 27836[0m in 0.90s]
[2025-10-31T02:50:51.389+0000] {subprocess.py:93} INFO - [0m02:50:51  5 of 5 START sql incremental model datamart.fact_transactions .................. [RUN]
[2025-10-31T02:50:51.520+0000] {subprocess.py:93} INFO - [0m02:50:51  5 of 5 ERROR creating sql incremental model datamart.fact_transactions ......... [[31mERROR[0m in 0.12s]
[2025-10-31T02:50:51.558+0000] {subprocess.py:93} INFO - [0m02:50:51
[2025-10-31T02:50:51.560+0000] {subprocess.py:93} INFO - [0m02:50:51  Finished running 1 incremental model, 4 table models in 0 hours 0 minutes and 3.78 seconds (3.78s).
[2025-10-31T02:50:51.688+0000] {subprocess.py:93} INFO - [0m02:50:51
[2025-10-31T02:50:51.690+0000] {subprocess.py:93} INFO - [0m02:50:51  [31mCompleted with 1 error, 0 partial successs, and 0 warnings:[0m
[2025-10-31T02:50:51.692+0000] {subprocess.py:93} INFO - [0m02:50:51
[2025-10-31T02:50:51.694+0000] {subprocess.py:93} INFO - [0m02:50:51    Database Error in model fact_transactions (models/datamart/fact_transactions.sql)
[2025-10-31T02:50:51.695+0000] {subprocess.py:93} INFO -   column "tap_in_time" does not exist
[2025-10-31T02:50:51.696+0000] {subprocess.py:93} INFO -   LINE 38:             SELECT COALESCE(MAX(tap_in_time), '1900-01-01'::...
[2025-10-31T02:50:51.697+0000] {subprocess.py:93} INFO -                                            ^
[2025-10-31T02:50:51.698+0000] {subprocess.py:93} INFO - [0m02:50:51
[2025-10-31T02:50:51.699+0000] {subprocess.py:93} INFO - [0m02:50:51  Done. PASS=4 WARN=0 ERROR=1 SKIP=0 TOTAL=5
[2025-10-31T02:50:53.407+0000] {subprocess.py:97} INFO - Command exited with return code 1
[2025-10-31T02:50:53.426+0000] {taskinstance.py:2698} ERROR - Task failed with exception
Traceback (most recent call last):
  File "/home/airflow/.local/lib/python3.8/site-packages/airflow/models/taskinstance.py", line 433, in _execute_task
    result = execute_callable(context=context, **execute_callable_kwargs)
  File "/home/airflow/.local/lib/python3.8/site-packages/airflow/operators/bash.py", line 212, in execute
    raise AirflowException(
airflow.exceptions.AirflowException: Bash command failed. The command returned a non-zero exit code 1.
[2025-10-31T02:50:53.431+0000] {taskinstance.py:1138} INFO - Marking task as UP_FOR_RETRY. dag_id=dag_dbt_pipeline, task_id=dbt_run, execution_date=20251031T025034, start_date=20251031T025039, end_date=20251031T025053
[2025-10-31T02:50:53.461+0000] {standard_task_runner.py:107} ERROR - Failed to execute job 347 for task dbt_run (Bash command failed. The command returned a non-zero exit code 1.; 656)
[2025-10-31T02:50:53.503+0000] {local_task_job_runner.py:234} INFO - Task exited with return code 1
[2025-10-31T02:50:53.547+0000] {taskinstance.py:3280} INFO - 0 downstream tasks scheduled from follow-on schedule check
