[2025-10-31T03:14:05.410+0000] {taskinstance.py:1956} INFO - Dependencies all met for dep_context=non-requeueable deps ti=<TaskInstance: dag_dbt_pipeline.dbt_run manual__2025-10-31T03:13:24.691114+00:00 [queued]>
[2025-10-31T03:14:05.525+0000] {taskinstance.py:1956} INFO - Dependencies all met for dep_context=requeueable deps ti=<TaskInstance: dag_dbt_pipeline.dbt_run manual__2025-10-31T03:13:24.691114+00:00 [queued]>
[2025-10-31T03:14:05.528+0000] {taskinstance.py:2170} INFO - Starting attempt 1 of 2
[2025-10-31T03:14:05.760+0000] {taskinstance.py:2191} INFO - Executing <Task(BashOperator): dbt_run> on 2025-10-31 03:13:24.691114+00:00
[2025-10-31T03:14:05.923+0000] {standard_task_runner.py:60} INFO - Started process 976 to run task
[2025-10-31T03:14:05.960+0000] {standard_task_runner.py:87} INFO - Running: ['***', 'tasks', 'run', 'dag_dbt_pipeline', 'dbt_run', 'manual__2025-10-31T03:13:24.691114+00:00', '--job-id', '351', '--raw', '--subdir', 'DAGS_FOLDER/dbt_local_dag.py', '--cfg-path', '/tmp/tmpr73cx4dz']
[2025-10-31T03:14:05.994+0000] {standard_task_runner.py:88} INFO - Job 351: Subtask dbt_run
[2025-10-31T03:14:07.302+0000] {task_command.py:423} INFO - Running <TaskInstance: dag_dbt_pipeline.dbt_run manual__2025-10-31T03:13:24.691114+00:00 [running]> on host 257bb6028ed5
[2025-10-31T03:14:08.876+0000] {taskinstance.py:2480} INFO - Exporting env vars: AIRFLOW_CTX_DAG_OWNER='winardi' AIRFLOW_CTX_DAG_ID='dag_dbt_pipeline' AIRFLOW_CTX_TASK_ID='dbt_run' AIRFLOW_CTX_EXECUTION_DATE='2025-10-31T03:13:24.691114+00:00' AIRFLOW_CTX_TRY_NUMBER='1' AIRFLOW_CTX_DAG_RUN_ID='manual__2025-10-31T03:13:24.691114+00:00'
[2025-10-31T03:14:08.896+0000] {subprocess.py:63} INFO - Tmp dir root location: /tmp
[2025-10-31T03:14:08.933+0000] {subprocess.py:75} INFO - Running command: ['/usr/bin/bash', '-c', '\n            cd /opt/***/include/dbt/dbt_project &&             dbt run --profiles-dir /home/***/.dbt --target dev\n        ']
[2025-10-31T03:14:09.053+0000] {subprocess.py:86} INFO - Output:
[2025-10-31T03:14:41.500+0000] {subprocess.py:93} INFO - [0m03:14:41  Running with dbt=1.9.0-b2
[2025-10-31T03:14:48.693+0000] {subprocess.py:93} INFO - [0m03:14:48  Registered adapter: postgres=1.8.2
[2025-10-31T03:15:22.793+0000] {subprocess.py:93} INFO - [0m03:15:22  Found 5 models, 16 data tests, 1 source, 423 macros
[2025-10-31T03:15:22.874+0000] {subprocess.py:93} INFO - [0m03:15:22
[2025-10-31T03:15:23.056+0000] {subprocess.py:93} INFO - [0m03:15:22  Concurrency: 1 threads (target='dev')
[2025-10-31T03:15:23.072+0000] {subprocess.py:93} INFO - [0m03:15:23
[2025-10-31T03:15:29.249+0000] {subprocess.py:93} INFO - [0m03:15:29  1 of 5 START sql table model datamart.dim_card_holder .......................... [RUN]
[2025-10-31T03:15:51.695+0000] {subprocess.py:93} INFO - [0m03:15:51  1 of 5 OK created sql table model datamart.dim_card_holder ..................... [[32mSELECT 10000[0m in 22.16s]
[2025-10-31T03:15:51.796+0000] {subprocess.py:93} INFO - [0m03:15:51  2 of 5 START sql table model datamart.dim_corridor ............................. [RUN]
[2025-10-31T03:15:58.011+0000] {subprocess.py:93} INFO - [0m03:15:58  2 of 5 OK created sql table model datamart.dim_corridor ........................ [[32mSELECT 221[0m in 6.39s]
[2025-10-31T03:15:58.202+0000] {subprocess.py:93} INFO - [0m03:15:58  3 of 5 START sql table model datamart.dim_stop ................................. [RUN]
[2025-10-31T03:16:03.882+0000] {subprocess.py:93} INFO - [0m03:16:03  3 of 5 OK created sql table model datamart.dim_stop ............................ [[32mSELECT 5851[0m in 5.67s]
[2025-10-31T03:16:03.942+0000] {subprocess.py:93} INFO - [0m03:16:03  4 of 5 START sql table model datamart.dim_time ................................. [RUN]
[2025-10-31T03:16:08.861+0000] {subprocess.py:93} INFO - [0m03:16:08  4 of 5 OK created sql table model datamart.dim_time ............................ [[32mSELECT 27836[0m in 4.91s]
[2025-10-31T03:16:08.899+0000] {subprocess.py:93} INFO - [0m03:16:08  5 of 5 START sql incremental model datamart.fact_transactions .................. [RUN]
[2025-10-31T03:16:16.245+0000] {subprocess.py:93} INFO - [0m03:16:16  5 of 5 ERROR creating sql incremental model datamart.fact_transactions ......... [[31mERROR[0m in 7.32s]
[2025-10-31T03:16:16.542+0000] {subprocess.py:93} INFO - [0m03:16:16
[2025-10-31T03:16:16.545+0000] {subprocess.py:93} INFO - [0m03:16:16  Finished running 1 incremental model, 4 table models in 0 hours 0 minutes and 53.45 seconds (53.45s).
[2025-10-31T03:16:16.962+0000] {subprocess.py:93} INFO - [0m03:16:16
[2025-10-31T03:16:16.965+0000] {subprocess.py:93} INFO - [0m03:16:16  [31mCompleted with 1 error, 0 partial successs, and 0 warnings:[0m
[2025-10-31T03:16:16.979+0000] {subprocess.py:93} INFO - [0m03:16:16
[2025-10-31T03:16:16.983+0000] {subprocess.py:93} INFO - [0m03:16:16    Database Error in model fact_transactions (models/datamart/fact_transactions.sql)
[2025-10-31T03:16:16.985+0000] {subprocess.py:93} INFO -   multiple primary keys for table "fact_transactions" are not allowed
[2025-10-31T03:16:16.986+0000] {subprocess.py:93} INFO -   compiled code at target/run/dbt_project/models/datamart/fact_transactions.sql
[2025-10-31T03:16:16.988+0000] {subprocess.py:93} INFO - [0m03:16:16
[2025-10-31T03:16:16.989+0000] {subprocess.py:93} INFO - [0m03:16:16  Done. PASS=4 WARN=0 ERROR=1 SKIP=0 TOTAL=5
[2025-10-31T03:16:20.453+0000] {subprocess.py:97} INFO - Command exited with return code 1
[2025-10-31T03:16:20.543+0000] {taskinstance.py:2698} ERROR - Task failed with exception
Traceback (most recent call last):
  File "/home/airflow/.local/lib/python3.8/site-packages/airflow/models/taskinstance.py", line 433, in _execute_task
    result = execute_callable(context=context, **execute_callable_kwargs)
  File "/home/airflow/.local/lib/python3.8/site-packages/airflow/operators/bash.py", line 212, in execute
    raise AirflowException(
airflow.exceptions.AirflowException: Bash command failed. The command returned a non-zero exit code 1.
[2025-10-31T03:16:20.580+0000] {taskinstance.py:1138} INFO - Marking task as UP_FOR_RETRY. dag_id=dag_dbt_pipeline, task_id=dbt_run, execution_date=20251031T031324, start_date=20251031T031405, end_date=20251031T031620
[2025-10-31T03:16:20.722+0000] {standard_task_runner.py:107} ERROR - Failed to execute job 351 for task dbt_run (Bash command failed. The command returned a non-zero exit code 1.; 976)
[2025-10-31T03:16:20.831+0000] {local_task_job_runner.py:234} INFO - Task exited with return code 1
[2025-10-31T03:16:20.972+0000] {taskinstance.py:3280} INFO - 0 downstream tasks scheduled from follow-on schedule check
